<?xml version="1.0" encoding="UTF-8"?>
<testng-results ignored="0" total="1" passed="1" failed="0" skipped="0">
  <reporter-output>
  </reporter-output>
  <suite started-at="2022-06-28T01:54:55 ICT" name="Suite" finished-at="2022-06-28T01:55:12 ICT" duration-ms="16273">
    <groups>
    </groups>
    <test started-at="2022-06-28T01:54:55 ICT" name="Test" finished-at="2022-06-28T01:55:12 ICT" duration-ms="16273">
      <class name="com.selenium.fpt.TestCase">
        <test-method is-config="true" signature="beforeSuite()[pri:0, instance:com.selenium.fpt.TestCase@333291e3]" started-at="2022-06-28T01:54:55 ICT" name="beforeSuite" finished-at="2022-06-28T01:54:55 ICT" duration-ms="5" status="PASS">
          <reporter-output>
          </reporter-output>
        </test-method> <!-- beforeSuite -->
        <test-method is-config="true" signature="beforeClass()[pri:0, instance:com.selenium.fpt.TestCase@333291e3]" started-at="2022-06-28T01:54:55 ICT" name="beforeClass" finished-at="2022-06-28T01:54:55 ICT" duration-ms="0" status="PASS">
          <reporter-output>
          </reporter-output>
        </test-method> <!-- beforeClass -->
        <test-method is-config="true" signature="beforeMethodClass()[pri:0, instance:com.selenium.fpt.TestCase@333291e3]" started-at="2022-06-28T01:54:55 ICT" name="beforeMethodClass" finished-at="2022-06-28T01:54:57 ICT" duration-ms="1781" status="PASS">
          <reporter-output>
          </reporter-output>
        </test-method> <!-- beforeMethodClass -->
        <test-method signature="f()[pri:0, instance:com.selenium.fpt.TestCase@333291e3]" started-at="2022-06-28T01:54:57 ICT" name="f" finished-at="2022-06-28T01:55:12 ICT" duration-ms="14463" status="PASS">
          <reporter-output>
          </reporter-output>
        </test-method> <!-- f -->
        <test-method is-config="true" signature="close()[pri:0, instance:com.selenium.fpt.TestCase@333291e3]" started-at="2022-06-28T01:55:12 ICT" name="close" finished-at="2022-06-28T01:55:12 ICT" duration-ms="0" status="PASS">
          <reporter-output>
          </reporter-output>
        </test-method> <!-- close -->
        <test-method is-config="true" signature="afterClass()[pri:0, instance:com.selenium.fpt.TestCase@333291e3]" started-at="2022-06-28T01:55:12 ICT" name="afterClass" finished-at="2022-06-28T01:55:12 ICT" duration-ms="0" status="PASS">
          <reporter-output>
          </reporter-output>
        </test-method> <!-- afterClass -->
        <test-method is-config="true" signature="afterSuite()[pri:0, instance:com.selenium.fpt.TestCase@333291e3]" started-at="2022-06-28T01:55:12 ICT" name="afterSuite" finished-at="2022-06-28T01:55:12 ICT" duration-ms="180" status="PASS">
          <reporter-output>
          </reporter-output>
        </test-method> <!-- afterSuite -->
      </class> <!-- com.selenium.fpt.TestCase -->
    </test> <!-- Test -->
  </suite> <!-- Suite -->
</testng-results>
